[2016-06-07 09:06:26 周二]Debug: ActiveMQModulePlugin::callFunc 44 QMap(("Arg1", QVariant(QString, "NoticeMQ"))("Arg10", QVariant(bool, true))("Arg2", QVariant(QString, ""))("Arg3", QVariant(QString, "NoticeTopic"))("Arg4", QVariant(QString, "UserName："))("Arg5", QVariant(QString, "Password："))("Arg6", QVariant(QString, "u01001"))("Arg7", QVariant(QString, "01001"))("Arg8", QVariant(bool, true))("Arg9", QVariant(bool, false))("ArgCounts", QVariant(int, 10))("FuncName", QVariant(QString, "startConsumer")))
[2016-06-07 09:06:26 周二]Debug: ActiveMQModulePlugin::callFunc 46
[2016-06-07 09:13:45 周二]Debug: ActiveMQModulePlugin::callFunc 44 QMap(("Arg1", QVariant(QString, "NoticeMQ"))("Arg10", QVariant(bool, true))("Arg2", QVariant(QString, ""))("Arg3", QVariant(QString, "NoticeTopic"))("Arg4", QVariant(QString, "UserName："))("Arg5", QVariant(QString, "Password："))("Arg6", QVariant(QString, "u01001"))("Arg7", QVariant(QString, "01001"))("Arg8", QVariant(bool, true))("Arg9", QVariant(bool, false))("ArgCounts", QVariant(int, 10))("FuncName", QVariant(QString, "startConsumer")))
[2016-06-07 09:13:45 周二]Debug: ActiveMQModulePlugin::callFunc 46
[2016-06-07 09:23:29 周二]Debug: ActiveMQModulePlugin::callFunc 44 QMap(("Arg1", QVariant(QString, "NoticeMQ"))("Arg10", QVariant(bool, true))("Arg2", QVariant(QString, "failover:(tcp://localhost:61616/)"))("Arg3", QVariant(QString, "NoticeTopic"))("Arg4", QVariant(QString, "UserName："))("Arg5", QVariant(QString, "Password："))("Arg6", QVariant(QString, "u01001"))("Arg7", QVariant(QString, "01001"))("Arg8", QVariant(bool, true))("Arg9", QVariant(bool, false))("ArgCounts", QVariant(int, 10))("FuncName", QVariant(QString, "startConsumer")))
[2016-06-07 09:23:29 周二]Debug: ActiveMQModulePlugin::callFunc 46
[2016-06-07 09:32:04 周二]Debug: ActiveMQModulePlugin::callFunc 44 QMap(("Arg1", QVariant(QString, "NoticeMQ"))("Arg10", QVariant(bool, true))("Arg2", QVariant(QString, "failover:(tcp://localhost:61616/)"))("Arg3", QVariant(QString, "NoticeTopic"))("Arg4", QVariant(QString, "UserName："))("Arg5", QVariant(QString, "Password："))("Arg6", QVariant(QString, "u01001"))("Arg7", QVariant(QString, "01001"))("Arg8", QVariant(bool, true))("Arg9", QVariant(bool, false))("ArgCounts", QVariant(int, 10))("FuncName", QVariant(QString, "startConsumer")))
[2016-06-07 09:32:04 周二]Debug: ActiveMQModulePlugin::callFunc 46
[2016-06-07 09:33:42 周二]Debug: ActiveMQModulePlugin::callFunc 44 QMap(("Arg1", QVariant(QString, "NoticeMQ"))("Arg10", QVariant(bool, true))("Arg2", QVariant(QString, "failover:(tcp://localhost:61616/)"))("Arg3", QVariant(QString, "NoticeTopic"))("Arg4", QVariant(QString, "UserName："))("Arg5", QVariant(QString, "Password："))("Arg6", QVariant(QString, "u01001"))("Arg7", QVariant(QString, "01001"))("Arg8", QVariant(bool, true))("Arg9", QVariant(bool, false))("ArgCounts", QVariant(int, 10))("FuncName", QVariant(QString, "startConsumer")))
[2016-06-07 09:33:42 周二]Debug: ActiveMQModulePlugin::callFunc 46
[2016-06-07 09:36:03 周二]Debug: ActiveMQModulePlugin::callFunc 44 QMap(("Arg1", QVariant(QString, "NoticeMQ"))("Arg10", QVariant(bool, true))("Arg2", QVariant(QString, "failover:(tcp://localhost:61616/)"))("Arg3", QVariant(QString, "NoticeTopic"))("Arg4", QVariant(QString, "UserName："))("Arg5", QVariant(QString, "Password："))("Arg6", QVariant(QString, "u01001"))("Arg7", QVariant(QString, "01001"))("Arg8", QVariant(bool, true))("Arg9", QVariant(bool, false))("ArgCounts", QVariant(int, 10))("FuncName", QVariant(QString, "startConsumer")))
[2016-06-07 09:36:03 周二]Debug: ActiveMQModulePlugin::callFunc 46
[2016-06-07 09:38:14 周二]Debug: ActiveMQModulePlugin::callFunc 44 QMap(("Arg1", QVariant(QString, "NoticeMQ"))("Arg10", QVariant(bool, true))("Arg2", QVariant(QString, "failover:(tcp://localhost:61616/)"))("Arg3", QVariant(QString, "NoticeTopic"))("Arg4", QVariant(QString, "UserName："))("Arg5", QVariant(QString, "Password："))("Arg6", QVariant(QString, "u01001"))("Arg7", QVariant(QString, "01001"))("Arg8", QVariant(bool, true))("Arg9", QVariant(bool, false))("ArgCounts", QVariant(int, 10))("FuncName", QVariant(QString, "startConsumer")))
[2016-06-07 09:38:14 周二]Debug: ActiveMQModulePlugin::callFunc 46
[2016-06-07 09:40:07 周二]Debug: ActiveMQModulePlugin::callFunc 44 QMap(("Arg1", QVariant(QString, "NoticeMQ"))("Arg10", QVariant(bool, true))("Arg2", QVariant(QString, "failover:(tcp://localhost:61616/)"))("Arg3", QVariant(QString, "NoticeTopic"))("Arg4", QVariant(QString, "UserName："))("Arg5", QVariant(QString, "Password："))("Arg6", QVariant(QString, "u01001"))("Arg7", QVariant(QString, "01001"))("Arg8", QVariant(bool, true))("Arg9", QVariant(bool, false))("ArgCounts", QVariant(int, 10))("FuncName", QVariant(QString, "startConsumer")))
[2016-06-07 09:40:07 周二]Debug: ActiveMQModulePlugin::callFunc 46
[2016-06-07 09:42:41 周二]Debug: ActiveMQModulePlugin::callFunc 44 QMap(("Arg1", QVariant(QString, "NoticeMQ"))("Arg10", QVariant(bool, true))("Arg2", QVariant(QString, "failover:(tcp://localhost:61616/)"))("Arg3", QVariant(QString, "NoticeTopic"))("Arg4", QVariant(QString, "UserName："))("Arg5", QVariant(QString, "Password："))("Arg6", QVariant(QString, "u01001"))("Arg7", QVariant(QString, "01001"))("Arg8", QVariant(bool, true))("Arg9", QVariant(bool, false))("ArgCounts", QVariant(int, 10))("FuncName", QVariant(QString, "startConsumer")))
[2016-06-07 09:42:41 周二]Debug: ActiveMQModulePlugin::callFunc 46
[2016-06-07 09:43:41 周二]Debug: ActiveMQModulePlugin::callFunc 44 QMap(("Arg1", QVariant(QString, "NoticeMQ"))("Arg10", QVariant(bool, true))("Arg2", QVariant(QString, "failover:(tcp://localhost:61616/)"))("Arg3", QVariant(QString, "NoticeTopic"))("Arg4", QVariant(QString, "UserName："))("Arg5", QVariant(QString, "Password："))("Arg6", QVariant(QString, "u01001"))("Arg7", QVariant(QString, "01001"))("Arg8", QVariant(bool, true))("Arg9", QVariant(bool, false))("ArgCounts", QVariant(int, 10))("FuncName", QVariant(QString, "startConsumer")))
[2016-06-07 09:43:41 周二]Debug: ActiveMQModulePlugin::callFunc 46
[2016-06-07 09:43:58 周二]Debug: ActiveMQModulePlugin::callFunc 44 QMap(("Arg1", QVariant(QString, "NoticeMQ"))("Arg10", QVariant(bool, true))("Arg2", QVariant(QString, "failover:(tcp://localhost:61616/)"))("Arg3", QVariant(QString, "NoticeTopic"))("Arg4", QVariant(QString, "UserName："))("Arg5", QVariant(QString, "Password："))("Arg6", QVariant(QString, "u01001"))("Arg7", QVariant(QString, "01001"))("Arg8", QVariant(bool, true))("Arg9", QVariant(bool, false))("ArgCounts", QVariant(int, 10))("FuncName", QVariant(QString, "startConsumer")))
[2016-06-07 09:43:58 周二]Debug: ActiveMQModulePlugin::callFunc 46
[2016-06-07 09:45:07 周二]Debug: mqFuncArgMap:  QMap(("Arg1", QVariant(QString, "NoticeMQ"))("Arg10", QVariant(bool, true))("Arg2", QVariant(QString, "failover:(tcp://localhost:61616/)"))("Arg3", QVariant(QString, "NoticeTopic"))("Arg4", QVariant(QString, "UserName："))("Arg5", QVariant(QString, "Password："))("Arg6", QVariant(QString, "u01001"))("Arg7", QVariant(QString, "01001"))("Arg8", QVariant(bool, true))("Arg9", QVariant(bool, false))("ArgCounts", QVariant(int, 10))("FuncName", QVariant(QString, "startConsumer")))
[2016-06-07 09:45:07 周二]Debug: ActiveMQModulePlugin::callFunc 44 QMap(("Arg1", QVariant(QString, "NoticeMQ"))("Arg10", QVariant(bool, true))("Arg2", QVariant(QString, "failover:(tcp://localhost:61616/)"))("Arg3", QVariant(QString, "NoticeTopic"))("Arg4", QVariant(QString, "UserName："))("Arg5", QVariant(QString, "Password："))("Arg6", QVariant(QString, "u01001"))("Arg7", QVariant(QString, "01001"))("Arg8", QVariant(bool, true))("Arg9", QVariant(bool, false))("ArgCounts", QVariant(int, 10))("FuncName", QVariant(QString, "startConsumer")))
[2016-06-07 09:45:07 周二]Debug: ActiveMQModulePlugin::callFunc 46
[2016-06-07 09:45:07 周二]Debug: pluginLoader:  QPluginLoader(0x36a92c0)
[2016-06-07 09:45:07 周二]Debug: m_currentMQPlugin:  QObject(0x0)
